This is pdfTeX, Version 3.1415926-2.5-1.40.14 (TeX Live 2013/Debian) (format=latex 2014.11.3)  19 APR 2016 15:43
entering extended mode
 restricted \write18 enabled.
 %&-line parsing enabled.
**\input psylab-doc.tex
(./psylab-doc.tex (/usr/share/texlive/texmf-dist/tex/latex/base/article.cls
Document Class: article 2007/10/19 v1.4h Standard LaTeX document class
(/usr/share/texlive/texmf-dist/tex/latex/base/size10.clo
File: size10.clo 2007/10/19 v1.4h Standard LaTeX file (size option)
)
\c@part=\count79
\c@section=\count80
\c@subsection=\count81
\c@subsubsection=\count82
\c@paragraph=\count83
\c@subparagraph=\count84
\c@figure=\count85
\c@table=\count86
\abovecaptionskip=\skip41
\belowcaptionskip=\skip42
\bibindent=\dimen102
)
(/usr/share/texlive/texmf-dist/tex/latex/base/inputenc.sty
Package: inputenc 2008/03/30 v1.1d Input encoding file
\inpenc@prehook=\toks14
\inpenc@posthook=\toks15

(/usr/share/texlive/texmf-dist/tex/latex/base/latin1.def
File: latin1.def 2008/03/30 v1.1d Input encoding file
))
(/usr/share/texlive/texmf-dist/tex/latex/graphics/graphicx.sty
Package: graphicx 1999/02/16 v1.0f Enhanced LaTeX Graphics (DPC,SPQR)

(/usr/share/texlive/texmf-dist/tex/latex/graphics/keyval.sty
Package: keyval 1999/03/16 v1.13 key=value parser (DPC)
\KV@toks@=\toks16
)
(/usr/share/texlive/texmf-dist/tex/latex/graphics/graphics.sty
Package: graphics 2009/02/05 v1.0o Standard LaTeX Graphics (DPC,SPQR)

(/usr/share/texlive/texmf-dist/tex/latex/graphics/trig.sty
Package: trig 1999/03/16 v1.09 sin cos tan (DPC)
)
(/usr/share/texlive/texmf-dist/tex/latex/latexconfig/graphics.cfg
File: graphics.cfg 2010/04/23 v1.9 graphics configuration of TeX Live
)
Package graphics Info: Driver file: dvips.def on input line 91.

(/usr/share/texlive/texmf-dist/tex/latex/graphics/dvips.def
File: dvips.def 1999/02/16 v3.0i Driver-dependant file (DPC,SPQR)
))
\Gin@req@height=\dimen103
\Gin@req@width=\dimen104
)
(/usr/share/texlive/texmf-dist/tex/latex/graphics/color.sty
Package: color 2005/11/14 v1.0j Standard LaTeX Color (DPC)

(/usr/share/texlive/texmf-dist/tex/latex/latexconfig/color.cfg
File: color.cfg 2007/01/18 v1.5 color configuration of teTeX/TeXLive
)
Package color Info: Driver file: dvips.def on input line 130.

(/usr/share/texlive/texmf-dist/tex/latex/graphics/dvipsnam.def
File: dvipsnam.def 1999/02/16 v3.0i Driver-dependant file (DPC,SPQR)
))
(/usr/share/texlive/texmf-dist/tex/latex/hyperref/hyperref.sty
Package: hyperref 2012/11/06 v6.83m Hypertext links for LaTeX

(/usr/share/texlive/texmf-dist/tex/generic/oberdiek/hobsub-hyperref.sty
Package: hobsub-hyperref 2012/05/28 v1.13 Bundle oberdiek, subset hyperref (HO)


(/usr/share/texlive/texmf-dist/tex/generic/oberdiek/hobsub-generic.sty
Package: hobsub-generic 2012/05/28 v1.13 Bundle oberdiek, subset generic (HO)
Package: hobsub 2012/05/28 v1.13 Construct package bundles (HO)
Package: infwarerr 2010/04/08 v1.3 Providing info/warning/error messages (HO)
Package: ltxcmds 2011/11/09 v1.22 LaTeX kernel commands for general use (HO)
Package: ifluatex 2010/03/01 v1.3 Provides the ifluatex switch (HO)
Package ifluatex Info: LuaTeX not detected.
Package: ifvtex 2010/03/01 v1.5 Detect VTeX and its facilities (HO)
Package ifvtex Info: VTeX not detected.
Package: intcalc 2007/09/27 v1.1 Expandable calculations with integers (HO)
Package: ifpdf 2011/01/30 v2.3 Provides the ifpdf switch (HO)
Package ifpdf Info: pdfTeX in PDF mode is not detected.
Package: etexcmds 2011/02/16 v1.5 Avoid name clashes with e-TeX commands (HO)
Package etexcmds Info: Could not find \expanded.
(etexcmds)             That can mean that you are not using pdfTeX 1.50 or
(etexcmds)             that some package has redefined \expanded.
(etexcmds)             In the latter case, load this package earlier.
Package: kvsetkeys 2012/04/25 v1.16 Key value parser (HO)
Package: kvdefinekeys 2011/04/07 v1.3 Define keys (HO)
Package: pdftexcmds 2011/11/29 v0.20 Utility functions of pdfTeX for LuaTeX (HO
)
Package pdftexcmds Info: LuaTeX not detected.
Package pdftexcmds Info: \pdf@primitive is available.
Package pdftexcmds Info: \pdf@ifprimitive is available.
Package pdftexcmds Info: \pdfdraftmode is ignored in DVI mode.
Package: pdfescape 2011/11/25 v1.13 Implements pdfTeX's escape features (HO)
Package: bigintcalc 2012/04/08 v1.3 Expandable calculations on big integers (HO
)
Package: bitset 2011/01/30 v1.1 Handle bit-vector datatype (HO)
Package: uniquecounter 2011/01/30 v1.2 Provide unlimited unique counter (HO)
)
Package hobsub Info: Skipping package `hobsub' (already loaded).
Package: letltxmacro 2010/09/02 v1.4 Let assignment for LaTeX macros (HO)
Package: hopatch 2012/05/28 v1.2 Wrapper for package hooks (HO)
Package: xcolor-patch 2011/01/30 xcolor patch
Package: atveryend 2011/06/30 v1.8 Hooks at the very end of document (HO)
Package atveryend Info: \enddocument detected (standard20110627).
Package: atbegshi 2011/10/05 v1.16 At begin shipout hook (HO)
Package: refcount 2011/10/16 v3.4 Data extraction from label references (HO)
Package: hycolor 2011/01/30 v1.7 Color options for hyperref/bookmark (HO)
)
(/usr/share/texlive/texmf-dist/tex/generic/ifxetex/ifxetex.sty
Package: ifxetex 2010/09/12 v0.6 Provides ifxetex conditional
)
(/usr/share/texlive/texmf-dist/tex/latex/oberdiek/auxhook.sty
Package: auxhook 2011/03/04 v1.3 Hooks for auxiliary files (HO)
)
(/usr/share/texlive/texmf-dist/tex/latex/oberdiek/kvoptions.sty
Package: kvoptions 2011/06/30 v3.11 Key value format for package options (HO)
)
\@linkdim=\dimen105
\Hy@linkcounter=\count87
\Hy@pagecounter=\count88

(/usr/share/texlive/texmf-dist/tex/latex/hyperref/pd1enc.def
File: pd1enc.def 2012/11/06 v6.83m Hyperref: PDFDocEncoding definition (HO)
)
\Hy@SavedSpaceFactor=\count89

(/usr/share/texlive/texmf-dist/tex/latex/latexconfig/hyperref.cfg
File: hyperref.cfg 2002/06/06 v1.2 hyperref configuration of TeXLive
)
Package hyperref Info: Hyper figures OFF on input line 4443.
Package hyperref Info: Link nesting OFF on input line 4448.
Package hyperref Info: Hyper index ON on input line 4451.
Package hyperref Info: Plain pages OFF on input line 4458.
Package hyperref Info: Backreferencing OFF on input line 4463.
Package hyperref Info: Implicit mode ON; LaTeX internals redefined.
Package hyperref Info: Bookmarks ON on input line 4688.
\c@Hy@tempcnt=\count90

(/usr/share/texlive/texmf-dist/tex/latex/url/url.sty
\Urlmuskip=\muskip10
Package: url 2013/09/16  ver 3.4  Verb mode for urls, etc.
)
LaTeX Info: Redefining \url on input line 5041.
\XeTeXLinkMargin=\dimen106
\Fld@menulength=\count91
\Field@Width=\dimen107
\Fld@charsize=\dimen108
Package hyperref Info: Hyper figures OFF on input line 6295.
Package hyperref Info: Link nesting OFF on input line 6300.
Package hyperref Info: Hyper index ON on input line 6303.
Package hyperref Info: backreferencing OFF on input line 6310.
Package hyperref Info: Link coloring OFF on input line 6315.
Package hyperref Info: Link coloring with OCG OFF on input line 6320.
Package hyperref Info: PDF/A mode OFF on input line 6325.
LaTeX Info: Redefining \ref on input line 6365.
LaTeX Info: Redefining \pageref on input line 6369.
\Hy@abspage=\count92
\c@Item=\count93
\c@Hfootnote=\count94
)

Package hyperref Message: Driver (default): hdvips.

(/usr/share/texlive/texmf-dist/tex/latex/hyperref/hdvips.def
File: hdvips.def 2012/11/06 v6.83m Hyperref driver for dvips

(/usr/share/texlive/texmf-dist/tex/latex/hyperref/pdfmark.def
File: pdfmark.def 2012/11/06 v6.83m Hyperref definitions for pdfmark specials
\pdf@docset=\toks17
\pdf@box=\box26
\pdf@toks=\toks18
\pdf@defaulttoks=\toks19
\HyField@AnnotCount=\count95
\Fld@listcount=\count96
\c@bookmark@seq@number=\count97

(/usr/share/texlive/texmf-dist/tex/latex/oberdiek/rerunfilecheck.sty
Package: rerunfilecheck 2011/04/15 v1.7 Rerun checks for auxiliary files (HO)
Package uniquecounter Info: New unique counter `rerunfilecheck' on input line 2
82.
)
\Hy@SectionHShift=\skip43
))
(/usr/share/texlive/texmf-dist/tex/latex/tools/longtable.sty
Package: longtable 2004/02/01 v4.11 Multi-page Table package (DPC)
\LTleft=\skip44
\LTright=\skip45
\LTpre=\skip46
\LTpost=\skip47
\LTchunksize=\count98
\LTcapwidth=\dimen109
\LT@head=\box27
\LT@firsthead=\box28
\LT@foot=\box29
\LT@lastfoot=\box30
\LT@cols=\count99
\LT@rows=\count100
\c@LT@tables=\count101
\c@LT@chunks=\count102
\LT@p@ftn=\toks20
)
(/usr/share/texlive/texmf-dist/tex/latex/base/makeidx.sty
Package: makeidx 2000/03/29 v1.0m Standard LaTeX package
)
(/home/martin/texmf/tex/latex/jhf/struktex/struktex.sty
Package: struktex 2006/08/20 v8.3b Nassi Shneidermann Charts (Jobst Hoffmann)

(/usr/share/texlive/texmf-dist/tex/latex/base/ifthen.sty
Package: ifthen 2001/05/26 v1.1c Standard LaTeX ifthen package (DPC)
)
(/home/martin/texmf/tex/latex/struktex/struktxf.sty
Package: struktxf 2006/08/20 v8.3b Fonts for Nassi Shneidermann Charts (Jobst H
offmann)
\symitalics=\mathgroup4
\symAMSb=\mathgroup5
)
(/home/martin/texmf/tex/latex/struktex/struktxp.sty
Package: struktxp 2006/08/20 v8.3b Keywords for Nassi Shneidermann Charts (Jobs
t Hoffmann)
)
\savelength@nss=\dimen110
\gx@nss=\count103
\gy@nss=\count104
\gsize@nss=\count105
\TextBox@nss=\box31
\TextBoxHt@nss=\dimen111
\descriptionindent=\skip48
\descriptionwidth=\skip49
\descriptionsep=\skip50
\descriptionwidth@nss=\skip51
\indentmeasure@nss=\dimen112
\indentmeasureright@nss=\dimen113
\thisindent@nss=\dimen114
\thisindentright@nss=\dimen115
\thislength@nss=\dimen116
\CenterBox@nss=\box32
)
(/home/martin/texmf/tex/latex/fancyhdr/fancyhdr.sty
\headwidth=\dimen117
)
\@indexfile=\write3
\openout3 = `psylab-doc.idx'.


Writing index file psylab-doc.idx
(./psylab-doc.aux)
\openout1 = `psylab-doc.aux'.

LaTeX Font Info:    Checking defaults for OML/cmm/m/it on input line 77.
LaTeX Font Info:    ... okay on input line 77.
LaTeX Font Info:    Checking defaults for T1/cmr/m/n on input line 77.
LaTeX Font Info:    ... okay on input line 77.
LaTeX Font Info:    Checking defaults for OT1/cmr/m/n on input line 77.
LaTeX Font Info:    ... okay on input line 77.
LaTeX Font Info:    Checking defaults for OMS/cmsy/m/n on input line 77.
LaTeX Font Info:    ... okay on input line 77.
LaTeX Font Info:    Checking defaults for OMX/cmex/m/n on input line 77.
LaTeX Font Info:    ... okay on input line 77.
LaTeX Font Info:    Checking defaults for U/cmr/m/n on input line 77.
LaTeX Font Info:    ... okay on input line 77.
LaTeX Font Info:    Checking defaults for PD1/pdf/m/n on input line 77.
LaTeX Font Info:    ... okay on input line 77.
\AtBeginShipoutBox=\box33
Package hyperref Info: Link coloring OFF on input line 77.

(/usr/share/texlive/texmf-dist/tex/latex/hyperref/nameref.sty
Package: nameref 2012/10/27 v2.43 Cross-referencing by name of section

(/usr/share/texlive/texmf-dist/tex/generic/oberdiek/gettitlestring.sty
Package: gettitlestring 2010/12/03 v1.4 Cleanup title references (HO)
)
\c@section@level=\count106
)
LaTeX Info: Redefining \ref on input line 77.
LaTeX Info: Redefining \pageref on input line 77.
LaTeX Info: Redefining \nameref on input line 77.

(./psylab-doc.out) (./psylab-doc.out)
\@outlinefile=\write4
\openout4 = `psylab-doc.out'.

LaTeX Font Info:    External font `cmex10' loaded for size
(Font)              <12> on input line 84.
LaTeX Font Info:    External font `cmex10' loaded for size
(Font)              <8> on input line 84.
LaTeX Font Info:    External font `cmex10' loaded for size
(Font)              <6> on input line 84.
LaTeX Font Info:    Try loading font information for U+msb on input line 84.

(/usr/share/texlive/texmf-dist/tex/latex/amsfonts/umsb.fd
File: umsb.fd 2013/01/14 v3.01 AMS symbols B
) (./psylab-doc.toc
LaTeX Font Info:    External font `cmex10' loaded for size
(Font)              <7> on input line 2.
LaTeX Font Info:    External font `cmex10' loaded for size
(Font)              <5> on input line 2.
)
\tf@toc=\write5
\openout5 = `psylab-doc.toc'.


[1

] [2] [3

] [4]
File: example_run_reversals.eps Graphic file (type eps)
 <example_run_reversals.eps> [5] [6]

Package hyperref Warning: Token not allowed in a PDF string (PDFDocEncoding):
(hyperref)                removing `math shift' on input line 501.


Package hyperref Warning: Token not allowed in a PDF string (PDFDocEncoding):
(hyperref)                removing `math shift' on input line 501.

[7]
Underfull \hbox (badness 10000) in paragraph at lines 622--630

 []


Overfull \hbox (12.39699pt too wide) in paragraph at lines 637--648
\OT1/cmr/m/n/10 This call of \OT1/cmtt/m/n/10 mpsy[]init.m \OT1/cmr/m/it/10 pri
or \OT1/cmr/m/n/10 to as-sign-ing val-ues to fur-ther \OT1/cmr/m/sc/10 PsyLab\O
T1/cmr/m/n/10 -variables is manda-tory, as \OT1/cmtt/m/n/10 mpsy[]init.m
 []

[8]
Overfull \hbox (0.97417pt too wide) in paragraph at lines 710--716
[] 
 []

[9]
Overfull \hbox (0.97417pt too wide) in paragraph at lines 777--786
[] 
 []

[10] [11]
LaTeX Font Info:    Try loading font information for OMS+cmr on input line 968.

 (/usr/share/texlive/texmf-dist/tex/latex/base/omscmr.fd
File: omscmr.fd 1999/05/25 v2.5h Standard LaTeX font definitions
)
LaTeX Font Info:    Font shape `OMS/cmr/m/n' in size <10> not available
(Font)              Font shape `OMS/cmsy/m/n' tried instead on input line 968.
File: example_3afcgui_psylab26a.eps Graphic file (type eps)

<example_3afcgui_psylab26a.eps> [12] [13]
Overfull \hbox (38.25162pt too wide) in paragraph at lines 1210--1210
[]\OT1/cmtt/m/n/10 M.SNAME = input('\n\n please type your name (initials, no sp
aces, press RETURN at end) ','s');[] 
 []

[14]
Overfull \hbox (0.97417pt too wide) in paragraph at lines 1232--1249
[] 
 []


Underfull \hbox (badness 10000) in paragraph at lines 1257--1268

 []

[15]
Overfull \hbox (1.50194pt too wide) in paragraph at lines 1299--1299
[]  \OT1/cmtt/m/n/10 % this resulting p_correct needs to be set manually to mat
ch content of ADAPT_METHOD.[] 
 []


Overfull \hbox (1.50194pt too wide) in paragraph at lines 1299--1299
[]  \OT1/cmtt/m/n/10 % this resulting p_correct needs to be set manually to mat
ch content of ADAPT_METHOD.[] 
 []

[16]
Overfull \hbox (38.25162pt too wide) in paragraph at lines 1427--1427
[]    \OT1/cmtt/m/n/10 threshold: [-31 -35 -48 -34 -29 -50 -31 -32 -32 -32 -34.
5 -31 -40 -54 -32 -52 -32 -34 -31][] 
 []


Overfull \hbox (27.75171pt too wide) in paragraph at lines 1427--1427
[]    \OT1/cmtt/m/n/10 thres_min: [-34 -36 -50 -36 -30 -52 -33 -33 -36 -35 -35 
-33 -42 -55 -33 -54 -34 -35 -32][] 
 []


Overfull \hbox (27.75171pt too wide) in paragraph at lines 1427--1427
[]    \OT1/cmtt/m/n/10 thres_max: [-29 -32 -47 -32 -27 -49 -30 -28 -24 -29 -33 
-30 -37 -53 -31 -51 -31 -33 -30][] 
 []

File: example_psydat_raw.eps Graphic file (type eps)
<example_psydat_raw.eps> [17]
File: example_psydat_average.eps Graphic file (type eps)
 <example_psydat_average.eps> [18] [19]
File: demoparam_dau99.eps Graphic file (type eps)

<demoparam_dau99.eps>
File: demoparam_dau99_perm21.eps Graphic file (type eps)
 <demoparam_dau99_perm21.eps>
File: psydat_helper.eps Graphic file (type eps)
 <psydat_helper.eps> [20]
[21] [22]
Underfull \vbox (badness 10000) detected at line 1908
 []

[23] [24]
Overfull \hbox (14.25685pt too wide) in paragraph at lines 2083--2090
\OT1/cmr/m/n/10 repli-ca-tion of the bin-au-ral pitch de-tec-tion and dis-crim-
i-na-tion ex-per-i-ment by [[]] 
 []

[25] (./psylab-doc.bbl) (./psylab-doc.ind [26] [27


]) [28


]
Package atveryend Info: Empty hook `BeforeClearDocument' on input line 2463.
 [29]
Package atveryend Info: Empty hook `AfterLastShipout' on input line 2463.

(./psylab-doc.aux)
Package atveryend Info: Empty hook `AtVeryEndDocument' on input line 2463.
Package atveryend Info: Executing hook `AtEndAfterFileList' on input line 2463.

Package rerunfilecheck Info: File `psylab-doc.out' has not changed.
(rerunfilecheck)             Checksum: 73277B22DB43A5822479268239760801;2731.
Package atveryend Info: Empty hook `AtVeryVeryEnd' on input line 2463.
 ) 
Here is how much of TeX's memory you used:
 5405 strings out of 494977
 79789 string characters out of 6179163
 205826 words of memory out of 5000000
 8561 multiletter control sequences out of 15000+600000
 13464 words of font info for 49 fonts, out of 8000000 for 9000
 14 hyphenation exceptions out of 8191
 29i,12n,40p,986b,472s stack positions out of 5000i,500n,10000p,200000b,80000s

Output written on psylab-doc.dvi (29 pages, 202164 bytes).
